0 info it worked if it ends with ok
1 verbose cli [ '/home/ubuntu/.nvm/v0.10.35/bin/node',
1 verbose cli   '/home/ubuntu/.nvm/v0.10.35/bin/npm',
1 verbose cli   'install',
1 verbose cli   'karma-phantom-launcher',
1 verbose cli   '--save-dev' ]
2 info using npm@1.4.28
3 info using node@v0.10.35
4 warn package.json rocky-electron@0.0.1 No repository field.
5 verbose readDependencies using package.json deps
6 verbose cache add [ 'karma-phantom-launcher', null ]
7 verbose cache add name=undefined spec="karma-phantom-launcher" args=["karma-phantom-launcher",null]
8 verbose parsed url { protocol: null,
8 verbose parsed url   slashes: null,
8 verbose parsed url   auth: null,
8 verbose parsed url   host: null,
8 verbose parsed url   port: null,
8 verbose parsed url   hostname: null,
8 verbose parsed url   hash: null,
8 verbose parsed url   search: null,
8 verbose parsed url   query: null,
8 verbose parsed url   pathname: 'karma-phantom-launcher',
8 verbose parsed url   path: 'karma-phantom-launcher',
8 verbose parsed url   href: 'karma-phantom-launcher' }
9 silly lockFile 14e8ff10-karma-phantom-launcher karma-phantom-launcher
10 verbose lock karma-phantom-launcher /home/ubuntu/.npm/14e8ff10-karma-phantom-launcher.lock
11 silly lockFile 14e8ff10-karma-phantom-launcher karma-phantom-launcher
12 silly lockFile 14e8ff10-karma-phantom-launcher karma-phantom-launcher
13 verbose addNamed [ 'karma-phantom-launcher', '' ]
14 verbose addNamed [ null, '*' ]
15 silly lockFile bde3fbb5-karma-phantom-launcher karma-phantom-launcher@
16 verbose lock karma-phantom-launcher@ /home/ubuntu/.npm/bde3fbb5-karma-phantom-launcher.lock
17 silly addNameRange { name: 'karma-phantom-launcher', range: '*', hasData: false }
18 verbose request where is /karma-phantom-launcher
19 verbose request registry https://registry.npmjs.org/
20 verbose request id 9d56d5a87a8fc73f
21 verbose url raw /karma-phantom-launcher
22 verbose url resolving [ 'https://registry.npmjs.org/', './karma-phantom-launcher' ]
23 verbose url resolved https://registry.npmjs.org/karma-phantom-launcher
24 verbose request where is https://registry.npmjs.org/karma-phantom-launcher
25 info trying registry request attempt 1 at 17:28:12
26 http GET https://registry.npmjs.org/karma-phantom-launcher
27 http 404 https://registry.npmjs.org/karma-phantom-launcher
28 silly registry.get cb [ 404,
28 silly registry.get   { 'content-type': 'application/json',
28 silly registry.get     'cache-control': 'max-age=0',
28 silly registry.get     'content-length': '2',
28 silly registry.get     'accept-ranges': 'bytes',
28 silly registry.get     date: 'Sun, 23 Aug 2015 17:28:12 GMT',
28 silly registry.get     via: '1.1 varnish',
28 silly registry.get     age: '0',
28 silly registry.get     connection: 'keep-alive',
28 silly registry.get     'x-served-by': 'cache-iad2143-IAD',
28 silly registry.get     'x-cache': 'MISS',
28 silly registry.get     'x-cache-hits': '0',
28 silly registry.get     'x-timer': 'S1440350892.600397,VS0,VE58' } ]
29 silly lockFile bde3fbb5-karma-phantom-launcher karma-phantom-launcher@
30 silly lockFile bde3fbb5-karma-phantom-launcher karma-phantom-launcher@
31 error 404 Not Found
31 error 404
31 error 404 'karma-phantom-launcher' is not in the npm registry.
31 error 404 You should bug the author to publish it
31 error 404 It was specified as a dependency of 'rocky-electron'
31 error 404
31 error 404 Note that you can also install from a
31 error 404 tarball, folder, or http url, or git url.
32 error System Linux 3.14.13-c9
33 error command "/home/ubuntu/.nvm/v0.10.35/bin/node" "/home/ubuntu/.nvm/v0.10.35/bin/npm" "install" "karma-phantom-launcher" "--save-dev"
34 error cwd /home/ubuntu/workspace
35 error node -v v0.10.35
36 error npm -v 1.4.28
37 error code E404
38 verbose exit [ 1, true ]
